[debug] [2018-03-11T16:13:26.060Z] ----------------------------------------------------------------------
[debug] [2018-03-11T16:13:26.076Z] Command:       C:\Program Files\nodejs\node.exe C:\Users\mavinglobal\AppData\Roaming\npm\node_modules\firebase-tools\bin\firebase deploy
[debug] [2018-03-11T16:13:26.080Z] CLI Version:   3.9.2
[debug] [2018-03-11T16:13:26.080Z] Platform:      win32
[debug] [2018-03-11T16:13:26.080Z] Node Version:  v6.11.1
[debug] [2018-03-11T16:13:26.080Z] Time:          Sun Mar 11 2018 21:43:26 GMT+0530 (India Standard Time)
[debug] [2018-03-11T16:13:26.084Z] ----------------------------------------------------------------------
[debug] 
[debug] [2018-03-11T16:13:26.140Z] > command requires scopes: ["email","openid","https://www.googleapis.com/auth/cloudplatformprojects.readonly","https://www.googleapis.com/auth/firebase","https://www.googleapis.com/auth/cloud-platform"]
[debug] [2018-03-11T16:13:26.140Z] > authorizing via signed-in user
[debug] [2018-03-11T16:13:26.152Z] > refreshing access token with scopes: ["email","https://www.googleapis.com/auth/cloud-platform","https://www.googleapis.com/auth/cloudplatformprojects.readonly","https://www.googleapis.com/auth/firebase","openid"]
[debug] [2018-03-11T16:13:26.152Z] >>> HTTP REQUEST POST https://www.googleapis.com/oauth2/v3/token { refresh_token: '1/J50aOW4MqvkJOyjwKHmb-8OICFsFpi1_t28Y0PDkM4s',
  client_id: '563584335869-fgrhgmd47bqnekij5i8b5pr03ho849e6.apps.googleusercontent.com',
  client_secret: 'j9iVZfS8kkCEFUPaAeJV0sAi',
  grant_type: 'refresh_token',
  scope: 'email https://www.googleapis.com/auth/cloud-platform https://www.googleapis.com/auth/cloudplatformprojects.readonly https://www.googleapis.com/auth/firebase openid' } 
 Sun Mar 11 2018 21:43:26 GMT+0530 (India Standard Time)
[debug] [2018-03-11T16:13:26.756Z] <<< HTTP RESPONSE 200
[debug] [2018-03-11T16:13:26.802Z] >>> HTTP REQUEST GET https://admin.firebase.com/v1/projects/preethihomeapp  
 Sun Mar 11 2018 21:43:26 GMT+0530 (India Standard Time)
[debug] [2018-03-11T16:13:28.275Z] <<< HTTP RESPONSE 200
[debug] [2018-03-11T16:13:28.279Z] >>> HTTP REQUEST GET https://admin.firebase.com/v1/database/preethihomeapp/tokens  
 Sun Mar 11 2018 21:43:28 GMT+0530 (India Standard Time)
[debug] [2018-03-11T16:13:29.350Z] <<< HTTP RESPONSE 200
[info] 
[info] === Deploying to 'preethihomeapp'...
[info] 
[info] i  deploying hosting
[info] i  hosting: preparing dist directory for upload...
[debug] [2018-03-11T16:13:31.955Z] >>> HTTP REQUEST PUT https://deploy.firebase.com/v1/hosting/preethihomeapp/uploads/-L7Kpep-L0gy9iQ8smgq?fileCount=20&message=  
 Sun Mar 11 2018 21:43:31 GMT+0530 (India Standard Time)
[debug] [2018-03-11T16:13:50.711Z] <<< HTTP RESPONSE 200
[debug] [2018-03-11T16:13:50.711Z] [hosting] .tgz uploaded successfully, waiting for extraction
